2022-11-14 13:30:21,002 INFO  [org.jboss.modules] (main) JBoss Modules version 1.11.0.Final
2022-11-14 13:30:21,420 INFO  [org.jboss.msc] (main) JBoss MSC version 1.4.12.Final
2022-11-14 13:30:21,424 INFO  [org.jboss.threads] (main) JBoss Threads version 2.4.0.Final
2022-11-14 13:30:21,481 INFO  [org.jboss.as] (MSC service thread 1-2) WFLYSRV0049: Keycloak 15.0.2 (WildFly Core 15.0.1.Final) starting
2022-11-14 13:30:21,483 DEBUG [org.jboss.as.config] (MSC service thread 1-2) Configured system properties:
	file.encoding = UTF-8
	file.separator = \
	java.awt.headless = true
	java.class.path = C:\Users\Alejandro\Desktop\Microservices\keycloak-15.0.2\jboss-modules.jar
	java.class.version = 62.0
	java.home = C:\Program Files\Java\jdk-18.0.2
	java.io.tmpdir = C:\Users\ALEJAN~1\AppData\Local\Temp\
	java.library.path = C:\Program Files\Java\jdk-18.0.2\bin;C:\Windows\Sun\Java\bin;C:\Windows\system32;C:\Windows;C:\Program Files\Common Files\Oracle\Java\javapath;C:\Windows\system32;C:\Windows;C:\Windows\System32\Wbem;C:\Windows\System32\WindowsPowerShell\v1.0\;C:\Windows\System32\OpenSSH\;C:\Program Files (x86)\NVIDIA Corporation\PhysX\Common;C:\Program Files\NVIDIA Corporation\NVIDIA NvDLISR;C:\Dev\maven\bin;C:\Program Files\Java\jdk-18.0.2\bin;C:\Program Files\nodejs\;C:\Program Files\Docker\Docker\resources\bin;C:\ProgramData\DockerDesktop\version-bin;C:\Program Files\Git\cmd;C:\ProgramData\chocolatey\bin;C:\Users\Alejandro\AppData\Local\Microsoft\WindowsApps;C:\Users\Alejandro\AppData\Local\Programs\Microsoft VS Code\bin;C:\Users\Alejandro\AppData\Local\GitHubDesktop\bin;C:\Users\Alejandro\AppData\Roaming\npm;C:\Program Files\heroku\bin;.
	java.net.preferIPv4Stack = true
	java.runtime.name = Java(TM) SE Runtime Environment
	java.runtime.version = 18.0.2+9-61
	java.specification.name = Java Platform API Specification
	java.specification.vendor = Oracle Corporation
	java.specification.version = 18
	java.util.logging.manager = org.jboss.logmanager.LogManager
	java.vendor = Oracle Corporation
	java.vendor.url = https://java.oracle.com/
	java.vendor.url.bug = https://bugreport.java.com/bugreport/
	java.version = 18.0.2
	java.version.date = 2022-07-19
	java.vm.compressedOopsMode = 32-bit
	java.vm.info = mixed mode, sharing
	java.vm.name = Java HotSpot(TM) 64-Bit Server VM
	java.vm.specification.name = Java Virtual Machine Specification
	java.vm.specification.vendor = Oracle Corporation
	java.vm.specification.version = 18
	java.vm.vendor = Oracle Corporation
	java.vm.version = 18.0.2+9-61
	javax.management.builder.initial = org.jboss.as.jmx.PluggableMBeanServerBuilder
	jboss.home.dir = C:\Users\Alejandro\Desktop\Microservices\keycloak-15.0.2
	jboss.host.name = desktop-qc171eb
	jboss.modules.dir = C:\Users\Alejandro\Desktop\Microservices\keycloak-15.0.2\modules
	jboss.modules.system.pkgs = org.jboss.byteman
	jboss.node.name = desktop-qc171eb
	jboss.qualified.host.name = desktop-qc171eb
	jboss.server.base.dir = C:\Users\Alejandro\Desktop\Microservices\keycloak-15.0.2\standalone
	jboss.server.config.dir = C:\Users\Alejandro\Desktop\Microservices\keycloak-15.0.2\standalone\configuration
	jboss.server.data.dir = C:\Users\Alejandro\Desktop\Microservices\keycloak-15.0.2\standalone\data
	jboss.server.deploy.dir = C:\Users\Alejandro\Desktop\Microservices\keycloak-15.0.2\standalone\data\content
	jboss.server.log.dir = C:\Users\Alejandro\Desktop\Microservices\keycloak-15.0.2\standalone\log
	jboss.server.name = desktop-qc171eb
	jboss.server.persist.config = true
	jboss.server.temp.dir = C:\Users\Alejandro\Desktop\Microservices\keycloak-15.0.2\standalone\tmp
	jboss.socket.binding.port-offset = 100
	jdk.debug = release
	line.separator = 

	logging.configuration = file:C:\Users\Alejandro\Desktop\Microservices\keycloak-15.0.2\standalone\configuration/logging.properties
	module.path = C:\Users\Alejandro\Desktop\Microservices\keycloak-15.0.2\modules
	native.encoding = Cp1252
	org.jboss.boot.log.file = C:\Users\Alejandro\Desktop\Microservices\keycloak-15.0.2\standalone\log\server.log
	org.jboss.resolver.warning = true
	os.arch = amd64
	os.name = Windows 10
	os.version = 10.0
	path.separator = ;
	program.name = standalone.bat
	sun.arch.data.model = 64
	sun.boot.library.path = C:\Program Files\Java\jdk-18.0.2\bin
	sun.cpu.endian = little
	sun.cpu.isalist = amd64
	sun.io.unicode.encoding = UnicodeLittle
	sun.java.command = C:\Users\Alejandro\Desktop\Microservices\keycloak-15.0.2\jboss-modules.jar -mp C:\Users\Alejandro\Desktop\Microservices\keycloak-15.0.2\modules org.jboss.as.standalone -Djboss.home.dir=C:\Users\Alejandro\Desktop\Microservices\keycloak-15.0.2 -Djboss.socket.binding.port-offset=100
	sun.java.launcher = SUN_STANDARD
	sun.jnu.encoding = Cp1252
	sun.management.compiler = HotSpot 64-Bit Tiered Compilers
	sun.os.patch.level = 
	sun.stderr.encoding = cp850
	sun.stdout.encoding = cp850
	user.country = ES
	user.dir = C:\Users\Alejandro\Desktop\Microservices\keycloak-15.0.2\bin
	user.home = C:\Users\Alejandro
	user.language = es
	user.name = Alejandro
	user.script = 
	user.timezone = Europe/Madrid
	user.variant = 
2022-11-14 13:30:21,484 DEBUG [org.jboss.as.config] (MSC service thread 1-2) VM Arguments: -Dprogram.name=standalone.bat -Xms64M -Xmx512M -XX:MetaspaceSize=96M -XX:MaxMetaspaceSize=256m -Djava.net.preferIPv4Stack=true -Djboss.modules.system.pkgs=org.jboss.byteman -Djava.awt.headless=true --add-exports=java.base/sun.nio.ch=ALL-UNNAMED --add-exports=jdk.unsupported/sun.misc=ALL-UNNAMED --add-exports=jdk.unsupported/sun.reflect=ALL-UNNAMED -Dorg.jboss.boot.log.file=C:\Users\Alejandro\Desktop\Microservices\keycloak-15.0.2\standalone\log\server.log -Dlogging.configuration=file:C:\Users\Alejandro\Desktop\Microservices\keycloak-15.0.2\standalone\configuration/logging.properties 
2022-11-14 13:30:21,952 INFO  [org.wildfly.security] (ServerService Thread Pool -- 20) ELY00001: WildFly Elytron version 1.15.3.Final
2022-11-14 13:30:22,226 INFO  [org.jboss.as.controller.management-deprecated] (ServerService Thread Pool -- 16) WFLYCTL0033: Extension 'security' is deprecated and may not be supported in future versions
2022-11-14 13:30:22,418 INFO  [org.jboss.as.controller.management-deprecated] (Controller Boot Thread) WFLYCTL0028: Attribute 'security-realm' in the resource at address '/core-service=management/management-interface=http-interface' is deprecated, and may be removed in a future version. See the attribute description in the output of the read-resource-description operation to learn more about the deprecation.
2022-11-14 13:30:22,428 INFO  [org.jboss.as.controller.management-deprecated] (ServerService Thread Pool -- 19) WFLYCTL0028: Attribute 'security-realm' in the resource at address '/subsystem=undertow/server=default-server/https-listener=https' is deprecated, and may be removed in a future version. See the attribute description in the output of the read-resource-description operation to learn more about the deprecation.
2022-11-14 13:30:22,507 INFO  [org.jboss.as.server] (Controller Boot Thread) WFLYSRV0039: Creating http management service using socket-binding (management-http)
2022-11-14 13:30:22,524 INFO  [org.xnio] (MSC service thread 1-5) XNIO version 3.8.4.Final
2022-11-14 13:30:22,529 INFO  [org.xnio.nio] (MSC service thread 1-5) XNIO NIO Implementation Version 3.8.4.Final
2022-11-14 13:30:22,550 INFO  [org.wildfly.extension.io] (ServerService Thread Pool -- 38) WFLYIO001: Worker 'default' has auto-configured to 48 IO threads with 384 max task threads based on your 24 available processors
2022-11-14 13:30:22,553 WARN  [org.jboss.as.txn] (ServerService Thread Pool -- 51) WFLYTX0013: The node-identifier attribute on the /subsystem=transactions is set to the default value. This is a danger for environments running multiple servers. Please make sure the attribute value is unique.
2022-11-14 13:30:22,556 INFO  [org.wildfly.extension.health] (ServerService Thread Pool -- 36) WFLYHEALTH0001: Activating Base Health Subsystem
2022-11-14 13:30:22,560 INFO  [org.jboss.as.clustering.infinispan] (ServerService Thread Pool -- 37) WFLYCLINF0001: Activating Infinispan subsystem.
2022-11-14 13:30:22,574 INFO  [org.wildfly.extension.metrics] (ServerService Thread Pool -- 45) WFLYMETRICS0001: Activating Base Metrics Subsystem
2022-11-14 13:30:22,575 INFO  [org.jboss.as.security] (ServerService Thread Pool -- 49) WFLYSEC0002: Activating Security Subsystem
2022-11-14 13:30:22,582 INFO  [org.jboss.as.security] (MSC service thread 1-8) WFLYSEC0001: Current PicketBox version=5.0.3.Final-redhat-00007
2022-11-14 13:30:22,583 INFO  [org.jboss.as.jaxrs] (ServerService Thread Pool -- 39) WFLYRS0016: RESTEasy version 3.15.1.Final
2022-11-14 13:30:22,586 INFO  [org.jboss.as.naming] (ServerService Thread Pool -- 46) WFLYNAM0001: Activating Naming Subsystem
2022-11-14 13:30:22,628 INFO  [org.wildfly.extension.undertow] (MSC service thread 1-7) WFLYUT0003: Undertow 2.2.5.Final starting
2022-11-14 13:30:22,674 INFO  [org.jboss.as.connector] (MSC service thread 1-3) WFLYJCA0009: Starting Jakarta Connectors Subsystem (WildFly/IronJacamar 1.4.27.Final)
2022-11-14 13:30:22,684 WARN  [org.wildfly.clustering.web.undertow] (ServerService Thread Pool -- 52) WFLYCLWEBUT0007: No routing provider found for default-server; using legacy provider based on static configuration
2022-11-14 13:30:22,711 INFO  [org.jboss.remoting] (MSC service thread 1-1) JBoss Remoting version 5.0.20.Final
2022-11-14 13:30:22,727 INFO  [org.jboss.as.connector.subsystems.datasources] (ServerService Thread Pool -- 31) WFLYJCA0004: Deploying JDBC-compliant driver class org.h2.Driver (version 1.4)
2022-11-14 13:30:22,790 INFO  [org.jboss.as.connector.deployers.jdbc] (MSC service thread 1-3) WFLYJCA0018: Started Driver service with driver-name = h2
2022-11-14 13:30:22,810 INFO  [org.jboss.as.naming] (MSC service thread 1-4) WFLYNAM0003: Starting Naming Service
2022-11-14 13:30:22,820 INFO  [org.wildfly.extension.undertow] (ServerService Thread Pool -- 52) WFLYUT0014: Creating file handler for path 'C:\Users\Alejandro\Desktop\Microservices\keycloak-15.0.2/welcome-content' with options [directory-listing: 'false', follow-symlink: 'false', case-sensitive: 'true', safe-symlink-paths: '[]']
2022-11-14 13:30:22,825 INFO  [org.jboss.as.mail.extension] (MSC service thread 1-3) WFLYMAIL0001: Bound mail session [java:jboss/mail/Default]
2022-11-14 13:30:22,831 WARN  [org.wildfly.extension.elytron] (MSC service thread 1-5) WFLYELY00023: KeyStore file 'C:\Users\Alejandro\Desktop\Microservices\keycloak-15.0.2\standalone\configuration\application.keystore' does not exist. Used blank.
2022-11-14 13:30:22,887 INFO  [org.jboss.as.ejb3] (MSC service thread 1-1) WFLYEJB0481: Strict pool slsb-strict-max-pool is using a max instance size of 384 (per class), which is derived from thread worker pool sizing.
2022-11-14 13:30:22,887 INFO  [org.jboss.as.ejb3] (MSC service thread 1-3) WFLYEJB0482: Strict pool mdb-strict-max-pool is using a max instance size of 96 (per class), which is derived from the number of CPUs on this host.
2022-11-14 13:30:22,889 WARN  [org.wildfly.extension.elytron] (MSC service thread 1-1) WFLYELY01084: KeyStore C:\Users\Alejandro\Desktop\Microservices\keycloak-15.0.2\standalone\configuration\application.keystore not found, it will be auto generated on first use with a self-signed certificate for host localhost
2022-11-14 13:30:22,941 INFO  [org.wildfly.extension.undertow] (MSC service thread 1-4) WFLYUT0012: Started server default-server.
2022-11-14 13:30:22,943 INFO  [org.wildfly.extension.undertow] (MSC service thread 1-5) Queuing requests.
2022-11-14 13:30:22,961 INFO  [org.wildfly.extension.undertow] (MSC service thread 1-5) WFLYUT0018: Host default-host starting
2022-11-14 13:30:23,039 INFO  [org.wildfly.extension.undertow] (MSC service thread 1-4) WFLYUT0006: Undertow HTTP listener default listening on 127.0.0.1:8180
2022-11-14 13:30:23,138 INFO  [org.jboss.as.patching] (MSC service thread 1-6) WFLYPAT0050: Keycloak cumulative patch ID is: base, one-off patches include: none
2022-11-14 13:30:23,146 WARN  [org.jboss.as.domain.management.security] (MSC service thread 1-3) WFLYDM0111: Keystore C:\Users\Alejandro\Desktop\Microservices\keycloak-15.0.2\standalone\configuration\application.keystore not found, it will be auto generated on first use with a self signed certificate for host localhost
2022-11-14 13:30:23,147 INFO  [org.jboss.as.server.deployment.scanner] (MSC service thread 1-6) WFLYDS0013: Started FileSystemDeploymentService for directory C:\Users\Alejandro\Desktop\Microservices\keycloak-15.0.2\standalone\deployments
2022-11-14 13:30:23,165 INFO  [org.jboss.as.server.deployment] (MSC service thread 1-5) WFLYSRV0027: Starting deployment of "keycloak-server.war" (runtime-name: "keycloak-server.war")
2022-11-14 13:30:23,179 INFO  [org.wildfly.extension.undertow] (MSC service thread 1-4) WFLYUT0006: Undertow HTTPS listener https listening on 127.0.0.1:8543
2022-11-14 13:30:23,188 INFO  [org.jboss.as.ejb3] (MSC service thread 1-7) WFLYEJB0493: Jakarta Enterprise Beans subsystem suspension complete
2022-11-14 13:30:23,234 INFO  [org.jboss.as.connector.subsystems.datasources] (MSC service thread 1-8) WFLYJCA0001: Bound data source [java:jboss/datasources/KeycloakDS]
2022-11-14 13:30:23,235 INFO  [org.jboss.as.connector.subsystems.datasources] (MSC service thread 1-4) WFLYJCA0001: Bound data source [java:jboss/datasources/ExampleDS]
2022-11-14 13:30:23,700 INFO  [org.infinispan.CONTAINER] (ServerService Thread Pool -- 54) ISPN000128: Infinispan version: Infinispan 'Corona Extra' 11.0.9.Final
2022-11-14 13:30:23,721 INFO  [org.infinispan.CONFIG] (MSC service thread 1-2) ISPN000152: Passivation configured without an eviction policy being selected. Only manually evicted entities will be passivated.
2022-11-14 13:30:23,721 INFO  [org.infinispan.CONFIG] (MSC service thread 1-2) ISPN000152: Passivation configured without an eviction policy being selected. Only manually evicted entities will be passivated.
2022-11-14 13:30:23,762 INFO  [org.infinispan.PERSISTENCE] (ServerService Thread Pool -- 54) ISPN000556: Starting user marshaller 'org.wildfly.clustering.infinispan.spi.marshalling.InfinispanProtoStreamMarshaller'
2022-11-14 13:30:23,762 INFO  [org.infinispan.PERSISTENCE] (ServerService Thread Pool -- 55) ISPN000556: Starting user marshaller 'org.wildfly.clustering.infinispan.marshalling.jboss.JBossMarshaller'
2022-11-14 13:30:23,880 INFO  [org.jboss.as.clustering.infinispan] (ServerService Thread Pool -- 54) WFLYCLINF0002: Started http-remoting-connector cache from ejb container
2022-11-14 13:30:23,923 INFO  [org.jboss.as.clustering.infinispan] (ServerService Thread Pool -- 57) WFLYCLINF0002: Started offlineSessions cache from keycloak container
2022-11-14 13:30:23,923 INFO  [org.jboss.as.clustering.infinispan] (ServerService Thread Pool -- 61) WFLYCLINF0002: Started authenticationSessions cache from keycloak container
2022-11-14 13:30:23,923 INFO  [org.jboss.as.clustering.infinispan] (ServerService Thread Pool -- 62) WFLYCLINF0002: Started loginFailures cache from keycloak container
2022-11-14 13:30:23,923 INFO  [org.jboss.as.clustering.infinispan] (ServerService Thread Pool -- 55) WFLYCLINF0002: Started offlineClientSessions cache from keycloak container
2022-11-14 13:30:23,923 INFO  [org.jboss.as.clustering.infinispan] (ServerService Thread Pool -- 63) WFLYCLINF0002: Started work cache from keycloak container
2022-11-14 13:30:23,923 INFO  [org.jboss.as.clustering.infinispan] (ServerService Thread Pool -- 59) WFLYCLINF0002: Started sessions cache from keycloak container
2022-11-14 13:30:23,923 INFO  [org.jboss.as.clustering.infinispan] (ServerService Thread Pool -- 58) WFLYCLINF0002: Started actionTokens cache from keycloak container
2022-11-14 13:30:23,923 INFO  [org.jboss.as.clustering.infinispan] (ServerService Thread Pool -- 64) WFLYCLINF0002: Started clientSessions cache from keycloak container
2022-11-14 13:30:23,960 INFO  [org.jboss.as.clustering.infinispan] (ServerService Thread Pool -- 65) WFLYCLINF0002: Started keys cache from keycloak container
2022-11-14 13:30:23,960 INFO  [org.jboss.as.clustering.infinispan] (ServerService Thread Pool -- 66) WFLYCLINF0002: Started authorization cache from keycloak container
2022-11-14 13:30:23,960 INFO  [org.jboss.as.clustering.infinispan] (ServerService Thread Pool -- 56) WFLYCLINF0002: Started users cache from keycloak container
2022-11-14 13:30:23,960 INFO  [org.jboss.as.clustering.infinispan] (ServerService Thread Pool -- 60) WFLYCLINF0002: Started realms cache from keycloak container
2022-11-14 13:30:24,002 WARN  [org.jboss.as.server.deployment] (MSC service thread 1-7) WFLYSRV0273: Excluded subsystem webservices via jboss-deployment-structure.xml does not exist.
2022-11-14 13:30:24,267 INFO  [org.keycloak.services] (ServerService Thread Pool -- 54) KC-SERVICES0001: Loading config from standalone.xml or domain.xml
2022-11-14 13:30:24,307 INFO  [org.keycloak.url.DefaultHostnameProviderFactory] (ServerService Thread Pool -- 54) Frontend: <request>, Admin: <frontend>, Backend: <request>
2022-11-14 13:30:24,538 INFO  [org.jboss.as.clustering.infinispan] (ServerService Thread Pool -- 54) WFLYCLINF0002: Started realmRevisions cache from keycloak container
2022-11-14 13:30:24,541 INFO  [org.jboss.as.clustering.infinispan] (ServerService Thread Pool -- 54) WFLYCLINF0002: Started userRevisions cache from keycloak container
2022-11-14 13:30:24,544 INFO  [org.jboss.as.clustering.infinispan] (ServerService Thread Pool -- 54) WFLYCLINF0002: Started authorizationRevisions cache from keycloak container
2022-11-14 13:30:24,545 INFO  [org.keycloak.connections.infinispan.DefaultInfinispanConnectionProviderFactory] (ServerService Thread Pool -- 54) Node name: desktop-qc171eb, Site name: null
2022-11-14 13:30:29,642 INFO  [org.keycloak.connections.jpa.DefaultJpaConnectionProviderFactory] (ServerService Thread Pool -- 54) Database info: {databaseUrl=jdbc:h2:C:\Users\Alejandro\Desktop\Microservices\keycloak-15.0.2\standalone\data/keycloak, databaseUser=SA, databaseProduct=H2 1.4.197 (2018-03-18), databaseDriver=H2 JDBC Driver 1.4.197 (2018-03-18)}
2022-11-14 13:30:30,509 INFO  [org.keycloak.connections.jpa.updater.liquibase.LiquibaseJpaUpdaterProvider] (ServerService Thread Pool -- 54) Initializing database schema. Using changelog META-INF/jpa-changelog-master.xml
2022-11-14 13:30:31,341 INFO  [org.hibernate.jpa.internal.util.LogHelper] (ServerService Thread Pool -- 54) HHH000204: Processing PersistenceUnitInfo [
	name: keycloak-default
	...]
2022-11-14 13:30:31,462 INFO  [org.hibernate.Version] (ServerService Thread Pool -- 54) HHH000412: Hibernate Core {5.3.20.Final}
2022-11-14 13:30:31,464 INFO  [org.hibernate.cfg.Environment] (ServerService Thread Pool -- 54) HHH000206: hibernate.properties not found
2022-11-14 13:30:31,579 INFO  [org.hibernate.annotations.common.Version] (ServerService Thread Pool -- 54) HCANN000001: Hibernate Commons Annotations {5.0.5.Final}
2022-11-14 13:30:31,691 INFO  [org.hibernate.dialect.Dialect] (ServerService Thread Pool -- 54) HHH000400: Using dialect: org.hibernate.dialect.H2Dialect
2022-11-14 13:30:31,713 INFO  [org.hibernate.envers.boot.internal.EnversServiceImpl] (ServerService Thread Pool -- 54) Envers integration enabled? : true
2022-11-14 13:30:31,963 INFO  [org.hibernate.orm.beans] (ServerService Thread Pool -- 54) HHH10005002: No explicit CDI BeanManager reference was passed to Hibernate, but CDI is available on the Hibernate ClassLoader.
2022-11-14 13:30:31,991 INFO  [org.hibernate.validator.internal.util.Version] (ServerService Thread Pool -- 54) HV000001: Hibernate Validator 6.0.22.Final
2022-11-14 13:30:32,649 INFO  [org.hibernate.hql.internal.QueryTranslatorFactoryInitiator] (ServerService Thread Pool -- 54) HHH000397: Using ASTQueryTranslatorFactory
2022-11-14 13:30:32,942 INFO  [org.keycloak.services] (ServerService Thread Pool -- 54) KC-SERVICES0050: Initializing master realm
2022-11-14 13:30:33,861 INFO  [org.jboss.resteasy.resteasy_jaxrs.i18n] (ServerService Thread Pool -- 54) RESTEASY002225: Deploying javax.ws.rs.core.Application: class org.keycloak.services.resources.KeycloakApplication
2022-11-14 13:30:33,862 INFO  [org.jboss.resteasy.resteasy_jaxrs.i18n] (ServerService Thread Pool -- 54) RESTEASY002205: Adding provider class org.keycloak.services.error.KeycloakErrorHandler from Application class org.keycloak.services.resources.KeycloakApplication
2022-11-14 13:30:33,863 INFO  [org.jboss.resteasy.resteasy_jaxrs.i18n] (ServerService Thread Pool -- 54) RESTEASY002205: Adding provider class org.keycloak.services.filters.KeycloakSecurityHeadersFilter from Application class org.keycloak.services.resources.KeycloakApplication
2022-11-14 13:30:33,864 INFO  [org.jboss.resteasy.resteasy_jaxrs.i18n] (ServerService Thread Pool -- 54) RESTEASY002200: Adding class resource org.keycloak.services.resources.JsResource from Application class org.keycloak.services.resources.KeycloakApplication
2022-11-14 13:30:33,864 INFO  [org.jboss.resteasy.resteasy_jaxrs.i18n] (ServerService Thread Pool -- 54) RESTEASY002200: Adding class resource org.keycloak.services.resources.ThemeResource from Application class org.keycloak.services.resources.KeycloakApplication
2022-11-14 13:30:33,865 INFO  [org.jboss.resteasy.resteasy_jaxrs.i18n] (ServerService Thread Pool -- 54) RESTEASY002220: Adding singleton resource org.keycloak.services.resources.admin.AdminRoot from Application class org.keycloak.services.resources.KeycloakApplication
2022-11-14 13:30:33,865 INFO  [org.jboss.resteasy.resteasy_jaxrs.i18n] (ServerService Thread Pool -- 54) RESTEASY002210: Adding provider singleton org.keycloak.services.util.ObjectMapperResolver from Application class org.keycloak.services.resources.KeycloakApplication
2022-11-14 13:30:33,866 INFO  [org.jboss.resteasy.resteasy_jaxrs.i18n] (ServerService Thread Pool -- 54) RESTEASY002220: Adding singleton resource org.keycloak.services.resources.WelcomeResource from Application class org.keycloak.services.resources.KeycloakApplication
2022-11-14 13:30:33,866 INFO  [org.jboss.resteasy.resteasy_jaxrs.i18n] (ServerService Thread Pool -- 54) RESTEASY002220: Adding singleton resource org.keycloak.services.resources.RobotsResource from Application class org.keycloak.services.resources.KeycloakApplication
2022-11-14 13:30:33,867 INFO  [org.jboss.resteasy.resteasy_jaxrs.i18n] (ServerService Thread Pool -- 54) RESTEASY002220: Adding singleton resource org.keycloak.services.resources.RealmsResource from Application class org.keycloak.services.resources.KeycloakApplication
2022-11-14 13:30:33,911 INFO  [org.wildfly.extension.undertow] (ServerService Thread Pool -- 54) WFLYUT0021: Registered web context: '/auth' for server 'default-server'
2022-11-14 13:30:33,948 INFO  [org.jboss.as.server] (ServerService Thread Pool -- 43) WFLYSRV0010: Deployed "keycloak-server.war" (runtime-name : "keycloak-server.war")
2022-11-14 13:30:33,982 INFO  [org.jboss.as.server] (Controller Boot Thread) WFLYSRV0212: Resuming server
2022-11-14 13:30:33,985 INFO  [org.jboss.as] (Controller Boot Thread) WFLYSRV0025: Keycloak 15.0.2 (WildFly Core 15.0.1.Final) started in 13190ms - Started 594 of 872 services (584 services are lazy, passive or on-demand)
2022-11-14 13:30:33,986 INFO  [org.jboss.as] (Controller Boot Thread) WFLYSRV0060: Http management interface listening on http://127.0.0.1:10090/management
2022-11-14 13:30:33,987 INFO  [org.jboss.as] (Controller Boot Thread) WFLYSRV0051: Admin console listening on http://127.0.0.1:10090
2022-11-14 13:32:18,868 INFO  [org.keycloak.services] (default task-2) KC-SERVICES0077: Created initial admin user with username admin
2022-11-14 13:34:43,257 WARN  [org.keycloak.events] (default task-4) type=LOGIN_ERROR, realmId=master, clientId=security-admin-console, userId=null, ipAddress=127.0.0.1, error=user_not_found, auth_method=openid-connect, auth_type=code, redirect_uri=http://localhost:8180/auth/admin/master/console/, code_id=5859b78f-a57f-4a17-ae22-dcc7c6cb946e, username=admin, authSessionParentId=5859b78f-a57f-4a17-ae22-dcc7c6cb946e, authSessionTabId=fhEtJQZpxYQ
2022-11-14 13:36:56,863 WARN  [org.keycloak.events] (default task-7) type=LOGIN_ERROR, realmId=master, clientId=security-admin-console, userId=null, ipAddress=127.0.0.1, error=user_not_found, auth_method=openid-connect, auth_type=code, redirect_uri=http://localhost:8180/auth/admin/master/console/, code_id=5859b78f-a57f-4a17-ae22-dcc7c6cb946e, username=admin, authSessionParentId=5859b78f-a57f-4a17-ae22-dcc7c6cb946e, authSessionTabId=C9JN3SxMjG0
2022-11-14 13:37:18,763 WARN  [com.arjuna.ats.arjuna] (Transaction Reaper) ARJUNA012117: TransactionReaper::check timeout for TX 0:ffffac13c001:-21e7507c:637234df:bc in state  RUN
2022-11-14 13:37:34,390 WARN  [com.arjuna.ats.arjuna] (Transaction Reaper Worker 0) ARJUNA012095: Abort of action id 0:ffffac13c001:-21e7507c:637234df:bc invoked while multiple threads active within it.
2022-11-14 13:37:34,392 WARN  [com.arjuna.ats.arjuna] (Transaction Reaper Worker 0) ARJUNA012381: Action id 0:ffffac13c001:-21e7507c:637234df:bc completed with multiple threads - thread default task-2 was in progress with org.freemarker@2.3.31//freemarker.core.FMParserTokenManager.jjMoveNfa_0(FMParserTokenManager.java:1944)
org.freemarker@2.3.31//freemarker.core.FMParserTokenManager.jjMoveStringLiteralDfa0_0(FMParserTokenManager.java:531)
org.freemarker@2.3.31//freemarker.core.FMParserTokenManager.getNextToken(FMParserTokenManager.java:8142)
org.freemarker@2.3.31//freemarker.core.FMParser.jj_ntk_f(FMParser.java:6028)
org.freemarker@2.3.31//freemarker.core.FMParser.PCData(FMParser.java:3811)
org.freemarker@2.3.31//freemarker.core.FMParser.MixedContentElements(FMParser.java:3963)
org.freemarker@2.3.31//freemarker.core.FMParser.If(FMParser.java:1818)
org.freemarker@2.3.31//freemarker.core.FMParser.FreemarkerDirective(FMParser.java:3629)
org.freemarker@2.3.31//freemarker.core.FMParser.MixedContentElements(FMParser.java:4019)
org.freemarker@2.3.31//freemarker.core.FMParser.If(FMParser.java:1810)
org.freemarker@2.3.31//freemarker.core.FMParser.FreemarkerDirective(FMParser.java:3629)
org.freemarker@2.3.31//freemarker.core.FMParser.MixedContentElements(FMParser.java:4019)
org.freemarker@2.3.31//freemarker.core.FMParser.Root(FMParser.java:4665)
org.freemarker@2.3.31//freemarker.template.Template.<init>(Template.java:252)
org.freemarker@2.3.31//freemarker.cache.TemplateCache.loadTemplate(TemplateCache.java:548)
org.freemarker@2.3.31//freemarker.cache.TemplateCache.getTemplateInternal(TemplateCache.java:439)
org.freemarker@2.3.31//freemarker.cache.TemplateCache.getTemplate(TemplateCache.java:292)
org.freemarker@2.3.31//freemarker.template.Configuration.getTemplate(Configuration.java:2836)
org.freemarker@2.3.31//freemarker.template.Configuration.getTemplate(Configuration.java:2703)
org.keycloak.keycloak-services@15.0.2//org.keycloak.theme.FreeMarkerUtil.getTemplate(FreeMarkerUtil.java:85)
org.keycloak.keycloak-services@15.0.2//org.keycloak.theme.FreeMarkerUtil.processTemplate(FreeMarkerUtil.java:58)
org.keycloak.keycloak-services@15.0.2//org.keycloak.services.resources.WelcomeResource.createWelcomePage(WelcomeResource.java:206)
org.keycloak.keycloak-services@15.0.2//org.keycloak.services.resources.WelcomeResource.createUser(WelcomeResource.java:141)
java.base@18.0.2/java.lang.invoke.LambdaForm$DMH/0x0000000801580000.invokeVirtual(LambdaForm$DMH)
java.base@18.0.2/java.lang.invoke.LambdaForm$MH/0x0000000801228800.invoke(LambdaForm$MH)
java.base@18.0.2/java.lang.invoke.Invokers$Holder.invokeExact_MT(Invokers$Holder)
java.base@18.0.2/jdk.internal.reflect.DirectMethodHandleAccessor.invokeImpl(DirectMethodHandleAccessor.java:155)
java.base@18.0.2/jdk.internal.reflect.DirectMethodHandleAccessor.invoke(DirectMethodHandleAccessor.java:104)
java.base@18.0.2/java.lang.reflect.Method.invoke(Method.java:577)
org.jboss.resteasy.resteasy-jaxrs@3.15.1.Final//org.jboss.resteasy.core.MethodInjectorImpl.invoke(MethodInjectorImpl.java:138)
org.jboss.resteasy.resteasy-jaxrs@3.15.1.Final//org.jboss.resteasy.core.ResourceMethodInvoker.internalInvokeOnTarget(ResourceMethodInvoker.java:546)
org.jboss.resteasy.resteasy-jaxrs@3.15.1.Final//org.jboss.resteasy.core.ResourceMethodInvoker.invokeOnTargetAfterFilter(ResourceMethodInvoker.java:435)
org.jboss.resteasy.resteasy-jaxrs@3.15.1.Final//org.jboss.resteasy.core.ResourceMethodInvoker.lambda$invokeOnTarget$0(ResourceMethodInvoker.java:396)
org.jboss.resteasy.resteasy-jaxrs@3.15.1.Final//org.jboss.resteasy.core.ResourceMethodInvoker$$Lambda$1821/0x0000000801eb7250.get(Unknown Source)
org.jboss.resteasy.resteasy-jaxrs@3.15.1.Final//org.jboss.resteasy.core.interception.PreMatchContainerRequestContext.filter(PreMatchContainerRequestContext.java:358)
org.jboss.resteasy.resteasy-jaxrs@3.15.1.Final//org.jboss.resteasy.core.ResourceMethodInvoker.invokeOnTarget(ResourceMethodInvoker.java:398)
org.jboss.resteasy.resteasy-jaxrs@3.15.1.Final//org.jboss.resteasy.core.ResourceMethodInvoker.invoke(ResourceMethodInvoker.java:365)
org.jboss.resteasy.resteasy-jaxrs@3.15.1.Final//org.jboss.resteasy.core.ResourceMethodInvoker.invoke(ResourceMethodInvoker.java:338)
org.jboss.resteasy.resteasy-jaxrs@3.15.1.Final//org.jboss.resteasy.core.SynchronousDispatcher.invoke(SynchronousDispatcher.java:440)
org.jboss.resteasy.resteasy-jaxrs@3.15.1.Final//org.jboss.resteasy.core.SynchronousDispatcher.lambda$invoke$4(SynchronousDispatcher.java:229)
org.jboss.resteasy.resteasy-jaxrs@3.15.1.Final//org.jboss.resteasy.core.SynchronousDispatcher$$Lambda$1819/0x0000000801eb5bc8.run(Unknown Source)
org.jboss.resteasy.resteasy-jaxrs@3.15.1.Final//org.jboss.resteasy.core.SynchronousDispatcher.lambda$preprocess$0(SynchronousDispatcher.java:135)
org.jboss.resteasy.resteasy-jaxrs@3.15.1.Final//org.jboss.resteasy.core.SynchronousDispatcher$$Lambda$1820/0x0000000801eb63b8.get(Unknown Source)
org.jboss.resteasy.resteasy-jaxrs@3.15.1.Final//org.jboss.resteasy.core.interception.PreMatchContainerRequestContext.filter(PreMatchContainerRequestContext.java:358)
org.jboss.resteasy.resteasy-jaxrs@3.15.1.Final//org.jboss.resteasy.core.SynchronousDispatcher.preprocess(SynchronousDispatcher.java:138)
org.jboss.resteasy.resteasy-jaxrs@3.15.1.Final//org.jboss.resteasy.core.SynchronousDispatcher.invoke(SynchronousDispatcher.java:215)
org.jboss.resteasy.resteasy-jaxrs@3.15.1.Final//org.jboss.resteasy.plugins.server.servlet.ServletContainerDispatcher.service(ServletContainerDispatcher.java:245)
org.jboss.resteasy.resteasy-jaxrs@3.15.1.Final//org.jboss.resteasy.plugins.server.servlet.HttpServletDispatcher.service(HttpServletDispatcher.java:61)
org.jboss.resteasy.resteasy-jaxrs@3.15.1.Final//org.jboss.resteasy.plugins.server.servlet.HttpServletDispatcher.service(HttpServletDispatcher.java:56)
javax.servlet.api@2.0.0.Final//javax.servlet.http.HttpServlet.service(HttpServlet.java:590)
io.undertow.servlet@2.2.5.Final//io.undertow.servlet.handlers.ServletHandler.handleRequest(ServletHandler.java:74)
io.undertow.servlet@2.2.5.Final//io.undertow.servlet.handlers.FilterHandler$FilterChainImpl.doFilter(FilterHandler.java:129)
org.keycloak.keycloak-wildfly-extensions@15.0.2//org.keycloak.provider.wildfly.WildFlyRequestFilter.lambda$doFilter$0(WildFlyRequestFilter.java:41)
org.keycloak.keycloak-wildfly-extensions@15.0.2//org.keycloak.provider.wildfly.WildFlyRequestFilter$$Lambda$1818/0x00000008018649d8.accept(Unknown Source)
org.keycloak.keycloak-services@15.0.2//org.keycloak.services.filters.AbstractRequestFilter.filter(AbstractRequestFilter.java:43)
org.keycloak.keycloak-wildfly-extensions@15.0.2//org.keycloak.provider.wildfly.WildFlyRequestFilter.doFilter(WildFlyRequestFilter.java:39)
io.undertow.servlet@2.2.5.Final//io.undertow.servlet.core.ManagedFilter.doFilter(ManagedFilter.java:61)
io.undertow.servlet@2.2.5.Final//io.undertow.servlet.handlers.FilterHandler$FilterChainImpl.doFilter(FilterHandler.java:131)
io.undertow.servlet@2.2.5.Final//io.undertow.servlet.handlers.FilterHandler.handleRequest(FilterHandler.java:84)
io.undertow.servlet@2.2.5.Final//io.undertow.servlet.handlers.security.ServletSecurityRoleHandler.handleRequest(ServletSecurityRoleHandler.java:62)
io.undertow.servlet@2.2.5.Final//io.undertow.servlet.handlers.ServletChain$1.handleRequest(ServletChain.java:68)
io.undertow.servlet@2.2.5.Final//io.undertow.servlet.handlers.ServletDispatchingHandler.handleRequest(ServletDispatchingHandler.java:36)
org.wildfly.extension.undertow@23.0.2.Final//org.wildfly.extension.undertow.security.SecurityContextAssociationHandler.handleRequest(SecurityContextAssociationHandler.java:78)
io.undertow.core@2.2.5.Final//io.undertow.server.handlers.PredicateHandler.handleRequest(PredicateHandler.java:43)
io.undertow.servlet@2.2.5.Final//io.undertow.servlet.handlers.RedirectDirHandler.handleRequest(RedirectDirHandler.java:68)
io.undertow.servlet@2.2.5.Final//io.undertow.servlet.handlers.security.SSLInformationAssociationHandler.handleRequest(SSLInformationAssociationHandler.java:117)
io.undertow.servlet@2.2.5.Final//io.undertow.servlet.handlers.security.ServletAuthenticationCallHandler.handleRequest(ServletAuthenticationCallHandler.java:57)
io.undertow.core@2.2.5.Final//io.undertow.server.handlers.PredicateHandler.handleRequest(PredicateHandler.java:43)
io.undertow.core@2.2.5.Final//io.undertow.security.handlers.AbstractConfidentialityHandler.handleRequest(AbstractConfidentialityHandler.java:46)
io.undertow.servlet@2.2.5.Final//io.undertow.servlet.handlers.security.ServletConfidentialityConstraintHandler.handleRequest(ServletConfidentialityConstraintHandler.java:64)
io.undertow.core@2.2.5.Final//io.undertow.security.handlers.AuthenticationMechanismsHandler.handleRequest(AuthenticationMechanismsHandler.java:60)
io.undertow.servlet@2.2.5.Final//io.undertow.servlet.handlers.security.CachedAuthenticatedSessionHandler.handleRequest(CachedAuthenticatedSessionHandler.java:77)
io.undertow.core@2.2.5.Final//io.undertow.security.handlers.NotificationReceiverHandler.handleRequest(NotificationReceiverHandler.java:50)
io.undertow.core@2.2.5.Final//io.undertow.security.handlers.AbstractSecurityContextAssociationHandler.handleRequest(AbstractSecurityContextAssociationHandler.java:43)
io.undertow.core@2.2.5.Final//io.undertow.server.handlers.PredicateHandler.handleRequest(PredicateHandler.java:43)
org.wildfly.extension.undertow@23.0.2.Final//org.wildfly.extension.undertow.security.jacc.JACCContextIdHandler.handleRequest(JACCContextIdHandler.java:61)
io.undertow.core@2.2.5.Final//io.undertow.server.handlers.PredicateHandler.handleRequest(PredicateHandler.java:43)
org.wildfly.extension.undertow@23.0.2.Final//org.wildfly.extension.undertow.deployment.GlobalRequestControllerHandler.handleRequest(GlobalRequestControllerHandler.java:68)
io.undertow.servlet@2.2.5.Final//io.undertow.servlet.handlers.SendErrorPageHandler.handleRequest(SendErrorPageHandler.java:52)
io.undertow.core@2.2.5.Final//io.undertow.server.handlers.PredicateHandler.handleRequest(PredicateHandler.java:43)
io.undertow.servlet@2.2.5.Final//io.undertow.servlet.handlers.ServletInitialHandler.handleFirstRequest(ServletInitialHandler.java:269)
io.undertow.servlet@2.2.5.Final//io.undertow.servlet.handlers.ServletInitialHandler.access$100(ServletInitialHandler.java:78)
io.undertow.servlet@2.2.5.Final//io.undertow.servlet.handlers.ServletInitialHandler$2.call(ServletInitialHandler.java:133)
io.undertow.servlet@2.2.5.Final//io.undertow.servlet.handlers.ServletInitialHandler$2.call(ServletInitialHandler.java:130)
io.undertow.servlet@2.2.5.Final//io.undertow.servlet.core.ServletRequestContextThreadSetupAction$1.call(ServletRequestContextThreadSetupAction.java:48)
io.undertow.servlet@2.2.5.Final//io.undertow.servlet.core.ContextClassLoaderSetupAction$1.call(ContextClassLoaderSetupAction.java:43)
org.wildfly.extension.undertow@23.0.2.Final//org.wildfly.extension.undertow.security.SecurityContextThreadSetupAction.lambda$create$0(SecurityContextThreadSetupAction.java:105)
org.wildfly.extension.undertow@23.0.2.Final//org.wildfly.extension.undertow.security.SecurityContextThreadSetupAction$$Lambda$1430/0x0000000801714ec0.call(Unknown Source)
org.wildfly.extension.undertow@23.0.2.Final//org.wildfly.extension.undertow.deployment.UndertowDeploymentInfoService$UndertowThreadSetupAction.lambda$create$0(UndertowDeploymentInfoService.java:1530)
org.wildfly.extension.undertow@23.0.2.Final//org.wildfly.extension.undertow.deployment.UndertowDeploymentInfoService$UndertowThreadSetupAction$$Lambda$1431/0x00000008017150d0.call(Unknown Source)
org.wildfly.extension.undertow@23.0.2.Final//org.wildfly.extension.undertow.deployment.UndertowDeploymentInfoService$UndertowThreadSetupAction.lambda$create$0(UndertowDeploymentInfoService.java:1530)
org.wildfly.extension.undertow@23.0.2.Final//org.wildfly.extension.undertow.deployment.UndertowDeploymentInfoService$UndertowThreadSetupAction$$Lambda$1431/0x00000008017150d0.call(Unknown Source)
org.wildfly.extension.undertow@23.0.2.Final//org.wildfly.extension.undertow.deployment.UndertowDeploymentInfoService$UndertowThreadSetupAction.lambda$create$0(UndertowDeploymentInfoService.java:1530)
org.wildfly.extension.undertow@23.0.2.Final//org.wildfly.extension.undertow.deployment.UndertowDeploymentInfoService$UndertowThreadSetupAction$$Lambda$1431/0x00000008017150d0.call(Unknown Source)
org.wildfly.extension.undertow@23.0.2.Final//org.wildfly.extension.undertow.deployment.UndertowDeploymentInfoService$UndertowThreadSetupAction.lambda$create$0(UndertowDeploymentInfoService.java:1530)
org.wildfly.extension.undertow@23.0.2.Final//org.wildfly.extension.undertow.deployment.UndertowDeploymentInfoService$UndertowThreadSetupAction$$Lambda$1431/0x00000008017150d0.call(Unknown Source)
io.undertow.servlet@2.2.5.Final//io.undertow.servlet.handlers.ServletInitialHandler.dispatchRequest(ServletInitialHandler.java:249)
io.undertow.servlet@2.2.5.Final//io.undertow.servlet.handlers.ServletInitialHandler.access$000(ServletInitialHandler.java:78)
io.undertow.servlet@2.2.5.Final//io.undertow.servlet.handlers.ServletInitialHandler$1.handleRequest(ServletInitialHandler.java:99)
io.undertow.core@2.2.5.Final//io.undertow.server.Connectors.executeRootHandler(Connectors.java:387)
io.undertow.core@2.2.5.Final//io.undertow.server.HttpServerExchange$1.run(HttpServerExchange.java:841)
org.jboss.threads@2.4.0.Final//org.jboss.threads.ContextClassLoaderSavingRunnable.run(ContextClassLoaderSavingRunnable.java:35)
org.jboss.threads@2.4.0.Final//org.jboss.threads.EnhancedQueueExecutor.safeRun(EnhancedQueueExecutor.java:1990)
org.jboss.threads@2.4.0.Final//org.jboss.threads.EnhancedQueueExecutor$ThreadBody.doRunTask(EnhancedQueueExecutor.java:1486)
org.jboss.threads@2.4.0.Final//org.jboss.threads.EnhancedQueueExecutor$ThreadBody.run(EnhancedQueueExecutor.java:1377)
org.jboss.xnio@3.8.4.Final//org.xnio.XnioWorker$WorkerThreadFactory$1$1.run(XnioWorker.java:1280)
java.base@18.0.2/java.lang.Thread.run(Thread.java:833)

2022-11-14 13:37:34,395 WARN  [com.arjuna.ats.arjuna] (Transaction Reaper Worker 0) ARJUNA012108: CheckedAction::check - atomic action 0:ffffac13c001:-21e7507c:637234df:bc aborting with 1 threads active!
2022-11-14 13:37:34,396 WARN  [com.arjuna.ats.arjuna] (default task-2) ARJUNA012072: End called illegally on atomic action 0:ffffac13c001:-21e7507c:637234df:bc
2022-11-14 13:37:34,399 WARN  [org.hibernate.resource.transaction.backend.jta.internal.synchronization.SynchronizationCallbackCoordinatorTrackingImpl] (Transaction Reaper Worker 0) HHH000451: Transaction afterCompletion called by a background thread; delaying afterCompletion processing until the original thread can handle it. [status=4]
2022-11-14 13:37:34,399 WARN  [com.arjuna.ats.arjuna] (Transaction Reaper Worker 0) ARJUNA012121: TransactionReaper::doCancellations worker Thread[Transaction Reaper Worker 0,5,main] successfully canceled TX 0:ffffac13c001:-21e7507c:637234df:bc
2022-11-14 13:37:34,401 ERROR [io.undertow.request] (default task-2) UT005023: Exception handling request to /auth/: java.lang.RuntimeException: javax.transaction.RollbackException: ARJUNA016053: Could not commit transaction.
	at org.keycloak.keycloak-services@15.0.2//org.keycloak.transaction.JtaTransactionWrapper.handleException(JtaTransactionWrapper.java:78)
	at org.keycloak.keycloak-services@15.0.2//org.keycloak.transaction.JtaTransactionWrapper.commit(JtaTransactionWrapper.java:92)
	at org.keycloak.keycloak-services@15.0.2//org.keycloak.services.DefaultKeycloakTransactionManager.commit(DefaultKeycloakTransactionManager.java:136)
	at org.keycloak.keycloak-services@15.0.2//org.keycloak.services.filters.AbstractRequestFilter.close(AbstractRequestFilter.java:64)
	at org.keycloak.keycloak-services@15.0.2//org.keycloak.services.filters.AbstractRequestFilter.filter(AbstractRequestFilter.java:49)
	at org.keycloak.keycloak-wildfly-extensions@15.0.2//org.keycloak.provider.wildfly.WildFlyRequestFilter.doFilter(WildFlyRequestFilter.java:39)
	at io.undertow.servlet@2.2.5.Final//io.undertow.servlet.core.ManagedFilter.doFilter(ManagedFilter.java:61)
	at io.undertow.servlet@2.2.5.Final//io.undertow.servlet.handlers.FilterHandler$FilterChainImpl.doFilter(FilterHandler.java:131)
	at io.undertow.servlet@2.2.5.Final//io.undertow.servlet.handlers.FilterHandler.handleRequest(FilterHandler.java:84)
	at io.undertow.servlet@2.2.5.Final//io.undertow.servlet.handlers.security.ServletSecurityRoleHandler.handleRequest(ServletSecurityRoleHandler.java:62)
	at io.undertow.servlet@2.2.5.Final//io.undertow.servlet.handlers.ServletChain$1.handleRequest(ServletChain.java:68)
	at io.undertow.servlet@2.2.5.Final//io.undertow.servlet.handlers.ServletDispatchingHandler.handleRequest(ServletDispatchingHandler.java:36)
	at org.wildfly.extension.undertow@23.0.2.Final//org.wildfly.extension.undertow.security.SecurityContextAssociationHandler.handleRequest(SecurityContextAssociationHandler.java:78)
	at io.undertow.core@2.2.5.Final//io.undertow.server.handlers.PredicateHandler.handleRequest(PredicateHandler.java:43)
	at io.undertow.servlet@2.2.5.Final//io.undertow.servlet.handlers.RedirectDirHandler.handleRequest(RedirectDirHandler.java:68)
	at io.undertow.servlet@2.2.5.Final//io.undertow.servlet.handlers.security.SSLInformationAssociationHandler.handleRequest(SSLInformationAssociationHandler.java:117)
	at io.undertow.servlet@2.2.5.Final//io.undertow.servlet.handlers.security.ServletAuthenticationCallHandler.handleRequest(ServletAuthenticationCallHandler.java:57)
	at io.undertow.core@2.2.5.Final//io.undertow.server.handlers.PredicateHandler.handleRequest(PredicateHandler.java:43)
	at io.undertow.core@2.2.5.Final//io.undertow.security.handlers.AbstractConfidentialityHandler.handleRequest(AbstractConfidentialityHandler.java:46)
	at io.undertow.servlet@2.2.5.Final//io.undertow.servlet.handlers.security.ServletConfidentialityConstraintHandler.handleRequest(ServletConfidentialityConstraintHandler.java:64)
	at io.undertow.core@2.2.5.Final//io.undertow.security.handlers.AuthenticationMechanismsHandler.handleRequest(AuthenticationMechanismsHandler.java:60)
	at io.undertow.servlet@2.2.5.Final//io.undertow.servlet.handlers.security.CachedAuthenticatedSessionHandler.handleRequest(CachedAuthenticatedSessionHandler.java:77)
	at io.undertow.core@2.2.5.Final//io.undertow.security.handlers.NotificationReceiverHandler.handleRequest(NotificationReceiverHandler.java:50)
	at io.undertow.core@2.2.5.Final//io.undertow.security.handlers.AbstractSecurityContextAssociationHandler.handleRequest(AbstractSecurityContextAssociationHandler.java:43)
	at io.undertow.core@2.2.5.Final//io.undertow.server.handlers.PredicateHandler.handleRequest(PredicateHandler.java:43)
	at org.wildfly.extension.undertow@23.0.2.Final//org.wildfly.extension.undertow.security.jacc.JACCContextIdHandler.handleRequest(JACCContextIdHandler.java:61)
	at io.undertow.core@2.2.5.Final//io.undertow.server.handlers.PredicateHandler.handleRequest(PredicateHandler.java:43)
	at org.wildfly.extension.undertow@23.0.2.Final//org.wildfly.extension.undertow.deployment.GlobalRequestControllerHandler.handleRequest(GlobalRequestControllerHandler.java:68)
	at io.undertow.servlet@2.2.5.Final//io.undertow.servlet.handlers.SendErrorPageHandler.handleRequest(SendErrorPageHandler.java:52)
	at io.undertow.core@2.2.5.Final//io.undertow.server.handlers.PredicateHandler.handleRequest(PredicateHandler.java:43)
	at io.undertow.servlet@2.2.5.Final//io.undertow.servlet.handlers.ServletInitialHandler.handleFirstRequest(ServletInitialHandler.java:269)
	at io.undertow.servlet@2.2.5.Final//io.undertow.servlet.handlers.ServletInitialHandler.access$100(ServletInitialHandler.java:78)
	at io.undertow.servlet@2.2.5.Final//io.undertow.servlet.handlers.ServletInitialHandler$2.call(ServletInitialHandler.java:133)
	at io.undertow.servlet@2.2.5.Final//io.undertow.servlet.handlers.ServletInitialHandler$2.call(ServletInitialHandler.java:130)
	at io.undertow.servlet@2.2.5.Final//io.undertow.servlet.core.ServletRequestContextThreadSetupAction$1.call(ServletRequestContextThreadSetupAction.java:48)
	at io.undertow.servlet@2.2.5.Final//io.undertow.servlet.core.ContextClassLoaderSetupAction$1.call(ContextClassLoaderSetupAction.java:43)
	at org.wildfly.extension.undertow@23.0.2.Final//org.wildfly.extension.undertow.security.SecurityContextThreadSetupAction.lambda$create$0(SecurityContextThreadSetupAction.java:105)
	at org.wildfly.extension.undertow@23.0.2.Final//org.wildfly.extension.undertow.deployment.UndertowDeploymentInfoService$UndertowThreadSetupAction.lambda$create$0(UndertowDeploymentInfoService.java:1530)
	at org.wildfly.extension.undertow@23.0.2.Final//org.wildfly.extension.undertow.deployment.UndertowDeploymentInfoService$UndertowThreadSetupAction.lambda$create$0(UndertowDeploymentInfoService.java:1530)
	at org.wildfly.extension.undertow@23.0.2.Final//org.wildfly.extension.undertow.deployment.UndertowDeploymentInfoService$UndertowThreadSetupAction.lambda$create$0(UndertowDeploymentInfoService.java:1530)
	at org.wildfly.extension.undertow@23.0.2.Final//org.wildfly.extension.undertow.deployment.UndertowDeploymentInfoService$UndertowThreadSetupAction.lambda$create$0(UndertowDeploymentInfoService.java:1530)
	at io.undertow.servlet@2.2.5.Final//io.undertow.servlet.handlers.ServletInitialHandler.dispatchRequest(ServletInitialHandler.java:249)
	at io.undertow.servlet@2.2.5.Final//io.undertow.servlet.handlers.ServletInitialHandler.access$000(ServletInitialHandler.java:78)
	at io.undertow.servlet@2.2.5.Final//io.undertow.servlet.handlers.ServletInitialHandler$1.handleRequest(ServletInitialHandler.java:99)
	at io.undertow.core@2.2.5.Final//io.undertow.server.Connectors.executeRootHandler(Connectors.java:387)
	at io.undertow.core@2.2.5.Final//io.undertow.server.HttpServerExchange$1.run(HttpServerExchange.java:841)
	at org.jboss.threads@2.4.0.Final//org.jboss.threads.ContextClassLoaderSavingRunnable.run(ContextClassLoaderSavingRunnable.java:35)
	at org.jboss.threads@2.4.0.Final//org.jboss.threads.EnhancedQueueExecutor.safeRun(EnhancedQueueExecutor.java:1990)
	at org.jboss.threads@2.4.0.Final//org.jboss.threads.EnhancedQueueExecutor$ThreadBody.doRunTask(EnhancedQueueExecutor.java:1486)
	at org.jboss.threads@2.4.0.Final//org.jboss.threads.EnhancedQueueExecutor$ThreadBody.run(EnhancedQueueExecutor.java:1377)
	at org.jboss.xnio@3.8.4.Final//org.xnio.XnioWorker$WorkerThreadFactory$1$1.run(XnioWorker.java:1280)
	at java.base/java.lang.Thread.run(Thread.java:833)
Caused by: javax.transaction.RollbackException: ARJUNA016053: Could not commit transaction.
	at org.jboss.jts//com.arjuna.ats.internal.jta.transaction.arjunacore.TransactionImple.commitAndDisassociate(TransactionImple.java:1307)
	at org.jboss.jts//com.arjuna.ats.internal.jta.transaction.arjunacore.BaseTransaction.commit(BaseTransaction.java:126)
	at org.jboss.jts.integration//com.arjuna.ats.jbossatx.BaseTransactionManagerDelegate.commit(BaseTransactionManagerDelegate.java:94)
	at org.wildfly.transaction.client@1.1.13.Final//org.wildfly.transaction.client.LocalTransaction.commitAndDissociate(LocalTransaction.java:78)
	at org.wildfly.transaction.client@1.1.13.Final//org.wildfly.transaction.client.ContextTransactionManager.commit(ContextTransactionManager.java:71)
	at org.keycloak.keycloak-services@15.0.2//org.keycloak.transaction.JtaTransactionWrapper.commit(JtaTransactionWrapper.java:90)
	... 50 more

2022-11-14 13:39:35,674 INFO  [org.jboss.modules] (main) JBoss Modules version 1.11.0.Final
2022-11-14 13:39:35,929 INFO  [org.jboss.msc] (main) JBoss MSC version 1.4.12.Final
2022-11-14 13:39:35,933 INFO  [org.jboss.threads] (main) JBoss Threads version 2.4.0.Final
2022-11-14 13:39:35,996 INFO  [org.jboss.as] (MSC service thread 1-2) WFLYSRV0049: Keycloak 15.0.2 (WildFly Core 15.0.1.Final) starting
2022-11-14 13:39:35,997 DEBUG [org.jboss.as.config] (MSC service thread 1-2) Configured system properties:
	file.encoding = UTF-8
	file.separator = \
	java.awt.headless = true
	java.class.path = C:\Users\Alejandro\Desktop\Microservices\keycloak-15.0.2\jboss-modules.jar
	java.class.version = 62.0
	java.home = C:\Program Files\Java\jdk-18.0.2
	java.io.tmpdir = C:\Users\ALEJAN~1\AppData\Local\Temp\
	java.library.path = C:\Program Files\Java\jdk-18.0.2\bin;C:\Windows\Sun\Java\bin;C:\Windows\system32;C:\Windows;C:\Program Files\Common Files\Oracle\Java\javapath;C:\Windows\system32;C:\Windows;C:\Windows\System32\Wbem;C:\Windows\System32\WindowsPowerShell\v1.0\;C:\Windows\System32\OpenSSH\;C:\Program Files (x86)\NVIDIA Corporation\PhysX\Common;C:\Program Files\NVIDIA Corporation\NVIDIA NvDLISR;C:\Dev\maven\bin;C:\Program Files\Java\jdk-18.0.2\bin;C:\Program Files\nodejs\;C:\Program Files\Docker\Docker\resources\bin;C:\ProgramData\DockerDesktop\version-bin;C:\Program Files\Git\cmd;C:\ProgramData\chocolatey\bin;C:\Users\Alejandro\AppData\Local\Microsoft\WindowsApps;C:\Users\Alejandro\AppData\Local\Programs\Microsoft VS Code\bin;C:\Users\Alejandro\AppData\Local\GitHubDesktop\bin;C:\Users\Alejandro\AppData\Roaming\npm;C:\Program Files\heroku\bin;.
	java.net.preferIPv4Stack = true
	java.runtime.name = Java(TM) SE Runtime Environment
	java.runtime.version = 18.0.2+9-61
	java.specification.name = Java Platform API Specification
	java.specification.vendor = Oracle Corporation
	java.specification.version = 18
	java.util.logging.manager = org.jboss.logmanager.LogManager
	java.vendor = Oracle Corporation
	java.vendor.url = https://java.oracle.com/
	java.vendor.url.bug = https://bugreport.java.com/bugreport/
	java.version = 18.0.2
	java.version.date = 2022-07-19
	java.vm.compressedOopsMode = 32-bit
	java.vm.info = mixed mode, sharing
	java.vm.name = Java HotSpot(TM) 64-Bit Server VM
	java.vm.specification.name = Java Virtual Machine Specification
	java.vm.specification.vendor = Oracle Corporation
	java.vm.specification.version = 18
	java.vm.vendor = Oracle Corporation
	java.vm.version = 18.0.2+9-61
	javax.management.builder.initial = org.jboss.as.jmx.PluggableMBeanServerBuilder
	jboss.home.dir = C:\Users\Alejandro\Desktop\Microservices\keycloak-15.0.2
	jboss.host.name = desktop-qc171eb
	jboss.modules.dir = C:\Users\Alejandro\Desktop\Microservices\keycloak-15.0.2\modules
	jboss.modules.system.pkgs = org.jboss.byteman
	jboss.node.name = desktop-qc171eb
	jboss.qualified.host.name = desktop-qc171eb
	jboss.server.base.dir = C:\Users\Alejandro\Desktop\Microservices\keycloak-15.0.2\standalone
	jboss.server.config.dir = C:\Users\Alejandro\Desktop\Microservices\keycloak-15.0.2\standalone\configuration
	jboss.server.data.dir = C:\Users\Alejandro\Desktop\Microservices\keycloak-15.0.2\standalone\data
	jboss.server.deploy.dir = C:\Users\Alejandro\Desktop\Microservices\keycloak-15.0.2\standalone\data\content
	jboss.server.log.dir = C:\Users\Alejandro\Desktop\Microservices\keycloak-15.0.2\standalone\log
	jboss.server.name = desktop-qc171eb
	jboss.server.persist.config = true
	jboss.server.temp.dir = C:\Users\Alejandro\Desktop\Microservices\keycloak-15.0.2\standalone\tmp
	jboss.socket.binding.port-offset = 100
	jdk.debug = release
	line.separator = 

	logging.configuration = file:C:\Users\Alejandro\Desktop\Microservices\keycloak-15.0.2\standalone\configuration/logging.properties
	module.path = C:\Users\Alejandro\Desktop\Microservices\keycloak-15.0.2\modules
	native.encoding = Cp1252
	org.jboss.boot.log.file = C:\Users\Alejandro\Desktop\Microservices\keycloak-15.0.2\standalone\log\server.log
	org.jboss.resolver.warning = true
	os.arch = amd64
	os.name = Windows 10
	os.version = 10.0
	path.separator = ;
	program.name = standalone.bat
	sun.arch.data.model = 64
	sun.boot.library.path = C:\Program Files\Java\jdk-18.0.2\bin
	sun.cpu.endian = little
	sun.cpu.isalist = amd64
	sun.io.unicode.encoding = UnicodeLittle
	sun.java.command = C:\Users\Alejandro\Desktop\Microservices\keycloak-15.0.2\jboss-modules.jar -mp C:\Users\Alejandro\Desktop\Microservices\keycloak-15.0.2\modules org.jboss.as.standalone -Djboss.home.dir=C:\Users\Alejandro\Desktop\Microservices\keycloak-15.0.2 -Djboss.socket.binding.port-offset=100
	sun.java.launcher = SUN_STANDARD
	sun.jnu.encoding = Cp1252
	sun.management.compiler = HotSpot 64-Bit Tiered Compilers
	sun.os.patch.level = 
	sun.stderr.encoding = cp850
	sun.stdout.encoding = cp850
	user.country = ES
	user.dir = C:\Users\Alejandro\Desktop\Microservices\keycloak-15.0.2\bin
	user.home = C:\Users\Alejandro
	user.language = es
	user.name = Alejandro
	user.script = 
	user.timezone = Europe/Madrid
	user.variant = 
2022-11-14 13:39:35,999 DEBUG [org.jboss.as.config] (MSC service thread 1-2) VM Arguments: -Dprogram.name=standalone.bat -Xms64M -Xmx512M -XX:MetaspaceSize=96M -XX:MaxMetaspaceSize=256m -Djava.net.preferIPv4Stack=true -Djboss.modules.system.pkgs=org.jboss.byteman -Djava.awt.headless=true --add-exports=java.base/sun.nio.ch=ALL-UNNAMED --add-exports=jdk.unsupported/sun.misc=ALL-UNNAMED --add-exports=jdk.unsupported/sun.reflect=ALL-UNNAMED -Dorg.jboss.boot.log.file=C:\Users\Alejandro\Desktop\Microservices\keycloak-15.0.2\standalone\log\server.log -Dlogging.configuration=file:C:\Users\Alejandro\Desktop\Microservices\keycloak-15.0.2\standalone\configuration/logging.properties 
2022-11-14 13:39:36,434 INFO  [org.wildfly.security] (ServerService Thread Pool -- 20) ELY00001: WildFly Elytron version 1.15.3.Final
2022-11-14 13:39:36,674 INFO  [org.jboss.as.controller.management-deprecated] (ServerService Thread Pool -- 23) WFLYCTL0033: Extension 'security' is deprecated and may not be supported in future versions
2022-11-14 13:39:36,880 INFO  [org.jboss.as.controller.management-deprecated] (Controller Boot Thread) WFLYCTL0028: Attribute 'security-realm' in the resource at address '/core-service=management/management-interface=http-interface' is deprecated, and may be removed in a future version. See the attribute description in the output of the read-resource-description operation to learn more about the deprecation.
2022-11-14 13:39:36,891 INFO  [org.jboss.as.controller.management-deprecated] (ServerService Thread Pool -- 19) WFLYCTL0028: Attribute 'security-realm' in the resource at address '/subsystem=undertow/server=default-server/https-listener=https' is deprecated, and may be removed in a future version. See the attribute description in the output of the read-resource-description operation to learn more about the deprecation.
2022-11-14 13:39:36,967 INFO  [org.jboss.as.server] (Controller Boot Thread) WFLYSRV0039: Creating http management service using socket-binding (management-http)
2022-11-14 13:39:36,993 INFO  [org.xnio] (MSC service thread 1-6) XNIO version 3.8.4.Final
2022-11-14 13:39:36,999 INFO  [org.xnio.nio] (MSC service thread 1-6) XNIO NIO Implementation Version 3.8.4.Final
2022-11-14 13:39:37,026 WARN  [org.jboss.as.txn] (ServerService Thread Pool -- 51) WFLYTX0013: The node-identifier attribute on the /subsystem=transactions is set to the default value. This is a danger for environments running multiple servers. Please make sure the attribute value is unique.
2022-11-14 13:39:37,029 INFO  [org.wildfly.extension.health] (ServerService Thread Pool -- 36) WFLYHEALTH0001: Activating Base Health Subsystem
2022-11-14 13:39:37,033 INFO  [org.jboss.as.clustering.infinispan] (ServerService Thread Pool -- 37) WFLYCLINF0001: Activating Infinispan subsystem.
2022-11-14 13:39:37,047 INFO  [org.wildfly.extension.metrics] (ServerService Thread Pool -- 45) WFLYMETRICS0001: Activating Base Metrics Subsystem
2022-11-14 13:39:37,048 INFO  [org.jboss.as.security] (ServerService Thread Pool -- 49) WFLYSEC0002: Activating Security Subsystem
2022-11-14 13:39:37,055 INFO  [org.jboss.as.security] (MSC service thread 1-5) WFLYSEC0001: Current PicketBox version=5.0.3.Final-redhat-00007
2022-11-14 13:39:37,056 INFO  [org.jboss.as.jaxrs] (ServerService Thread Pool -- 39) WFLYRS0016: RESTEasy version 3.15.1.Final
2022-11-14 13:39:37,058 INFO  [org.jboss.as.naming] (ServerService Thread Pool -- 46) WFLYNAM0001: Activating Naming Subsystem
2022-11-14 13:39:37,093 INFO  [org.wildfly.extension.undertow] (MSC service thread 1-8) WFLYUT0003: Undertow 2.2.5.Final starting
2022-11-14 13:39:37,156 INFO  [org.jboss.as.connector.subsystems.datasources] (ServerService Thread Pool -- 31) WFLYJCA0004: Deploying JDBC-compliant driver class org.h2.Driver (version 1.4)
2022-11-14 13:39:37,159 INFO  [org.jboss.as.connector] (MSC service thread 1-8) WFLYJCA0009: Starting Jakarta Connectors Subsystem (WildFly/IronJacamar 1.4.27.Final)
2022-11-14 13:39:37,181 WARN  [org.wildfly.clustering.web.undertow] (ServerService Thread Pool -- 52) WFLYCLWEBUT0007: No routing provider found for default-server; using legacy provider based on static configuration
2022-11-14 13:39:37,214 INFO  [org.jboss.as.connector.deployers.jdbc] (MSC service thread 1-8) WFLYJCA0018: Started Driver service with driver-name = h2
2022-11-14 13:39:37,216 INFO  [org.jboss.as.naming] (MSC service thread 1-2) WFLYNAM0003: Starting Naming Service
2022-11-14 13:39:37,232 WARN  [org.wildfly.extension.elytron] (MSC service thread 1-7) WFLYELY00023: KeyStore file 'C:\Users\Alejandro\Desktop\Microservices\keycloak-15.0.2\standalone\configuration\application.keystore' does not exist. Used blank.
2022-11-14 13:39:37,268 INFO  [org.jboss.as.mail.extension] (MSC service thread 1-7) WFLYMAIL0001: Bound mail session [java:jboss/mail/Default]
2022-11-14 13:39:37,279 WARN  [org.wildfly.extension.elytron] (MSC service thread 1-1) WFLYELY01084: KeyStore C:\Users\Alejandro\Desktop\Microservices\keycloak-15.0.2\standalone\configuration\application.keystore not found, it will be auto generated on first use with a self-signed certificate for host localhost
2022-11-14 13:39:37,288 INFO  [org.wildfly.extension.undertow] (ServerService Thread Pool -- 52) WFLYUT0014: Creating file handler for path 'C:\Users\Alejandro\Desktop\Microservices\keycloak-15.0.2/welcome-content' with options [directory-listing: 'false', follow-symlink: 'false', case-sensitive: 'true', safe-symlink-paths: '[]']
2022-11-14 13:39:37,322 INFO  [org.wildfly.extension.io] (ServerService Thread Pool -- 38) WFLYIO001: Worker 'default' has auto-configured to 48 IO threads with 384 max task threads based on your 24 available processors
2022-11-14 13:39:37,398 INFO  [org.jboss.as.ejb3] (MSC service thread 1-6) WFLYEJB0482: Strict pool mdb-strict-max-pool is using a max instance size of 96 (per class), which is derived from the number of CPUs on this host.
2022-11-14 13:39:37,398 INFO  [org.jboss.as.ejb3] (MSC service thread 1-3) WFLYEJB0481: Strict pool slsb-strict-max-pool is using a max instance size of 384 (per class), which is derived from thread worker pool sizing.
2022-11-14 13:39:37,427 INFO  [org.wildfly.extension.undertow] (MSC service thread 1-7) WFLYUT0012: Started server default-server.
2022-11-14 13:39:37,428 INFO  [org.wildfly.extension.undertow] (MSC service thread 1-3) Queuing requests.
2022-11-14 13:39:37,430 INFO  [org.jboss.remoting] (MSC service thread 1-8) JBoss Remoting version 5.0.20.Final
2022-11-14 13:39:37,432 INFO  [org.wildfly.extension.undertow] (MSC service thread 1-3) WFLYUT0018: Host default-host starting
2022-11-14 13:39:37,510 INFO  [org.wildfly.extension.undertow] (MSC service thread 1-7) WFLYUT0006: Undertow HTTP listener default listening on 127.0.0.1:8180
2022-11-14 13:39:37,559 INFO  [org.jboss.as.patching] (MSC service thread 1-1) WFLYPAT0050: Keycloak cumulative patch ID is: base, one-off patches include: none
2022-11-14 13:39:37,593 WARN  [org.jboss.as.domain.management.security] (MSC service thread 1-8) WFLYDM0111: Keystore C:\Users\Alejandro\Desktop\Microservices\keycloak-15.0.2\standalone\configuration\application.keystore not found, it will be auto generated on first use with a self signed certificate for host localhost
2022-11-14 13:39:37,597 INFO  [org.jboss.as.server.deployment.scanner] (MSC service thread 1-1) WFLYDS0013: Started FileSystemDeploymentService for directory C:\Users\Alejandro\Desktop\Microservices\keycloak-15.0.2\standalone\deployments
2022-11-14 13:39:37,598 INFO  [org.jboss.as.server.deployment] (MSC service thread 1-5) WFLYSRV0027: Starting deployment of "keycloak-server.war" (runtime-name: "keycloak-server.war")
2022-11-14 13:39:37,643 INFO  [org.wildfly.extension.undertow] (MSC service thread 1-2) WFLYUT0006: Undertow HTTPS listener https listening on 127.0.0.1:8543
2022-11-14 13:39:37,676 INFO  [org.jboss.as.ejb3] (MSC service thread 1-8) WFLYEJB0493: Jakarta Enterprise Beans subsystem suspension complete
2022-11-14 13:39:37,771 INFO  [org.jboss.as.connector.subsystems.datasources] (MSC service thread 1-8) WFLYJCA0001: Bound data source [java:jboss/datasources/ExampleDS]
2022-11-14 13:39:37,771 INFO  [org.jboss.as.connector.subsystems.datasources] (MSC service thread 1-5) WFLYJCA0001: Bound data source [java:jboss/datasources/KeycloakDS]
2022-11-14 13:39:38,255 INFO  [org.infinispan.CONTAINER] (ServerService Thread Pool -- 55) ISPN000128: Infinispan version: Infinispan 'Corona Extra' 11.0.9.Final
2022-11-14 13:39:38,277 INFO  [org.infinispan.CONFIG] (MSC service thread 1-7) ISPN000152: Passivation configured without an eviction policy being selected. Only manually evicted entities will be passivated.
2022-11-14 13:39:38,278 INFO  [org.infinispan.CONFIG] (MSC service thread 1-7) ISPN000152: Passivation configured without an eviction policy being selected. Only manually evicted entities will be passivated.
2022-11-14 13:39:38,318 INFO  [org.infinispan.PERSISTENCE] (ServerService Thread Pool -- 55) ISPN000556: Starting user marshaller 'org.wildfly.clustering.infinispan.marshalling.jboss.JBossMarshaller'
2022-11-14 13:39:38,318 INFO  [org.infinispan.PERSISTENCE] (ServerService Thread Pool -- 54) ISPN000556: Starting user marshaller 'org.wildfly.clustering.infinispan.spi.marshalling.InfinispanProtoStreamMarshaller'
2022-11-14 13:39:38,426 INFO  [org.jboss.as.clustering.infinispan] (ServerService Thread Pool -- 54) WFLYCLINF0002: Started http-remoting-connector cache from ejb container
2022-11-14 13:39:38,466 INFO  [org.jboss.as.clustering.infinispan] (ServerService Thread Pool -- 55) WFLYCLINF0002: Started offlineClientSessions cache from keycloak container
2022-11-14 13:39:38,467 INFO  [org.jboss.as.clustering.infinispan] (ServerService Thread Pool -- 54) WFLYCLINF0002: Started sessions cache from keycloak container
2022-11-14 13:39:38,466 INFO  [org.jboss.as.clustering.infinispan] (ServerService Thread Pool -- 60) WFLYCLINF0002: Started loginFailures cache from keycloak container
2022-11-14 13:39:38,466 INFO  [org.jboss.as.clustering.infinispan] (ServerService Thread Pool -- 61) WFLYCLINF0002: Started work cache from keycloak container
2022-11-14 13:39:38,467 INFO  [org.jboss.as.clustering.infinispan] (ServerService Thread Pool -- 64) WFLYCLINF0002: Started offlineSessions cache from keycloak container
2022-11-14 13:39:38,466 INFO  [org.jboss.as.clustering.infinispan] (ServerService Thread Pool -- 59) WFLYCLINF0002: Started clientSessions cache from keycloak container
2022-11-14 13:39:38,466 INFO  [org.jboss.as.clustering.infinispan] (ServerService Thread Pool -- 58) WFLYCLINF0002: Started authenticationSessions cache from keycloak container
2022-11-14 13:39:38,466 INFO  [org.jboss.as.clustering.infinispan] (ServerService Thread Pool -- 63) WFLYCLINF0002: Started actionTokens cache from keycloak container
2022-11-14 13:39:38,503 INFO  [org.jboss.as.clustering.infinispan] (ServerService Thread Pool -- 56) WFLYCLINF0002: Started users cache from keycloak container
2022-11-14 13:39:38,503 INFO  [org.jboss.as.clustering.infinispan] (ServerService Thread Pool -- 62) WFLYCLINF0002: Started authorization cache from keycloak container
2022-11-14 13:39:38,503 INFO  [org.jboss.as.clustering.infinispan] (ServerService Thread Pool -- 65) WFLYCLINF0002: Started realms cache from keycloak container
2022-11-14 13:39:38,503 INFO  [org.jboss.as.clustering.infinispan] (ServerService Thread Pool -- 57) WFLYCLINF0002: Started keys cache from keycloak container
2022-11-14 13:39:38,547 WARN  [org.jboss.as.server.deployment] (MSC service thread 1-3) WFLYSRV0273: Excluded subsystem webservices via jboss-deployment-structure.xml does not exist.
2022-11-14 13:39:38,808 INFO  [org.keycloak.services] (ServerService Thread Pool -- 65) KC-SERVICES0001: Loading config from standalone.xml or domain.xml
2022-11-14 13:39:39,055 INFO  [org.keycloak.url.DefaultHostnameProviderFactory] (ServerService Thread Pool -- 65) Frontend: <request>, Admin: <frontend>, Backend: <request>
2022-11-14 13:39:39,069 INFO  [org.jboss.as.clustering.infinispan] (ServerService Thread Pool -- 65) WFLYCLINF0002: Started realmRevisions cache from keycloak container
2022-11-14 13:39:39,071 INFO  [org.jboss.as.clustering.infinispan] (ServerService Thread Pool -- 65) WFLYCLINF0002: Started userRevisions cache from keycloak container
2022-11-14 13:39:39,074 INFO  [org.jboss.as.clustering.infinispan] (ServerService Thread Pool -- 65) WFLYCLINF0002: Started authorizationRevisions cache from keycloak container
2022-11-14 13:39:39,075 INFO  [org.keycloak.connections.infinispan.DefaultInfinispanConnectionProviderFactory] (ServerService Thread Pool -- 65) Node name: desktop-qc171eb, Site name: null
2022-11-14 13:39:48,195 INFO  [org.keycloak.connections.jpa.DefaultJpaConnectionProviderFactory] (ServerService Thread Pool -- 65) Database info: {databaseUrl=jdbc:h2:C:\Users\Alejandro\Desktop\Microservices\keycloak-15.0.2\standalone\data/keycloak, databaseUser=SA, databaseProduct=H2 1.4.197 (2018-03-18), databaseDriver=H2 JDBC Driver 1.4.197 (2018-03-18)}
2022-11-14 13:39:48,825 INFO  [org.hibernate.jpa.internal.util.LogHelper] (ServerService Thread Pool -- 65) HHH000204: Processing PersistenceUnitInfo [
	name: keycloak-default
	...]
2022-11-14 13:39:48,897 INFO  [org.hibernate.Version] (ServerService Thread Pool -- 65) HHH000412: Hibernate Core {5.3.20.Final}
2022-11-14 13:39:48,898 INFO  [org.hibernate.cfg.Environment] (ServerService Thread Pool -- 65) HHH000206: hibernate.properties not found
2022-11-14 13:39:48,970 INFO  [org.hibernate.annotations.common.Version] (ServerService Thread Pool -- 65) HCANN000001: Hibernate Commons Annotations {5.0.5.Final}
2022-11-14 13:39:49,081 INFO  [org.hibernate.dialect.Dialect] (ServerService Thread Pool -- 65) HHH000400: Using dialect: org.hibernate.dialect.H2Dialect
2022-11-14 13:39:49,118 INFO  [org.hibernate.envers.boot.internal.EnversServiceImpl] (ServerService Thread Pool -- 65) Envers integration enabled? : true
2022-11-14 13:39:49,429 INFO  [org.hibernate.orm.beans] (ServerService Thread Pool -- 65) HHH10005002: No explicit CDI BeanManager reference was passed to Hibernate, but CDI is available on the Hibernate ClassLoader.
2022-11-14 13:39:49,457 INFO  [org.hibernate.validator.internal.util.Version] (ServerService Thread Pool -- 65) HV000001: Hibernate Validator 6.0.22.Final
2022-11-14 13:39:50,034 INFO  [org.hibernate.hql.internal.QueryTranslatorFactoryInitiator] (ServerService Thread Pool -- 65) HHH000397: Using ASTQueryTranslatorFactory
2022-11-14 13:39:50,448 INFO  [org.jboss.resteasy.resteasy_jaxrs.i18n] (ServerService Thread Pool -- 65) RESTEASY002225: Deploying javax.ws.rs.core.Application: class org.keycloak.services.resources.KeycloakApplication
2022-11-14 13:39:50,449 INFO  [org.jboss.resteasy.resteasy_jaxrs.i18n] (ServerService Thread Pool -- 65) RESTEASY002205: Adding provider class org.keycloak.services.filters.KeycloakSecurityHeadersFilter from Application class org.keycloak.services.resources.KeycloakApplication
2022-11-14 13:39:50,449 INFO  [org.jboss.resteasy.resteasy_jaxrs.i18n] (ServerService Thread Pool -- 65) RESTEASY002205: Adding provider class org.keycloak.services.error.KeycloakErrorHandler from Application class org.keycloak.services.resources.KeycloakApplication
2022-11-14 13:39:50,450 INFO  [org.jboss.resteasy.resteasy_jaxrs.i18n] (ServerService Thread Pool -- 65) RESTEASY002200: Adding class resource org.keycloak.services.resources.ThemeResource from Application class org.keycloak.services.resources.KeycloakApplication
2022-11-14 13:39:50,450 INFO  [org.jboss.resteasy.resteasy_jaxrs.i18n] (ServerService Thread Pool -- 65) RESTEASY002200: Adding class resource org.keycloak.services.resources.JsResource from Application class org.keycloak.services.resources.KeycloakApplication
2022-11-14 13:39:50,450 INFO  [org.jboss.resteasy.resteasy_jaxrs.i18n] (ServerService Thread Pool -- 65) RESTEASY002220: Adding singleton resource org.keycloak.services.resources.WelcomeResource from Application class org.keycloak.services.resources.KeycloakApplication
2022-11-14 13:39:50,450 INFO  [org.jboss.resteasy.resteasy_jaxrs.i18n] (ServerService Thread Pool -- 65) RESTEASY002210: Adding provider singleton org.keycloak.services.util.ObjectMapperResolver from Application class org.keycloak.services.resources.KeycloakApplication
2022-11-14 13:39:50,450 INFO  [org.jboss.resteasy.resteasy_jaxrs.i18n] (ServerService Thread Pool -- 65) RESTEASY002220: Adding singleton resource org.keycloak.services.resources.RobotsResource from Application class org.keycloak.services.resources.KeycloakApplication
2022-11-14 13:39:50,451 INFO  [org.jboss.resteasy.resteasy_jaxrs.i18n] (ServerService Thread Pool -- 65) RESTEASY002220: Adding singleton resource org.keycloak.services.resources.RealmsResource from Application class org.keycloak.services.resources.KeycloakApplication
2022-11-14 13:39:50,451 INFO  [org.jboss.resteasy.resteasy_jaxrs.i18n] (ServerService Thread Pool -- 65) RESTEASY002220: Adding singleton resource org.keycloak.services.resources.admin.AdminRoot from Application class org.keycloak.services.resources.KeycloakApplication
2022-11-14 13:39:50,495 INFO  [org.wildfly.extension.undertow] (ServerService Thread Pool -- 65) WFLYUT0021: Registered web context: '/auth' for server 'default-server'
2022-11-14 13:39:50,540 INFO  [org.jboss.as.server] (ServerService Thread Pool -- 43) WFLYSRV0010: Deployed "keycloak-server.war" (runtime-name : "keycloak-server.war")
2022-11-14 13:39:50,577 INFO  [org.jboss.as.server] (Controller Boot Thread) WFLYSRV0212: Resuming server
2022-11-14 13:39:50,582 INFO  [org.jboss.as] (Controller Boot Thread) WFLYSRV0025: Keycloak 15.0.2 (WildFly Core 15.0.1.Final) started in 15114ms - Started 594 of 872 services (584 services are lazy, passive or on-demand)
2022-11-14 13:39:50,584 INFO  [org.jboss.as] (Controller Boot Thread) WFLYSRV0060: Http management interface listening on http://127.0.0.1:10090/management
2022-11-14 13:39:50,584 INFO  [org.jboss.as] (Controller Boot Thread) WFLYSRV0051: Admin console listening on http://127.0.0.1:10090
2022-11-14 13:40:11,592 INFO  [org.keycloak.services] (default task-1) KC-SERVICES0077: Created initial admin user with username admin
2022-11-14 15:38:35,696 WARN  [org.keycloak.events] (default task-8) type=REFRESH_TOKEN_ERROR, realmId=master, clientId=security-admin-console, userId=null, ipAddress=127.0.0.1, error=invalid_token, grant_type=refresh_token, client_auth_method=client-secret
2022-11-14 16:54:35,747 WARN  [org.keycloak.services] (default task-19) KC-SERVICES0091: Request is missing scope 'openid' so it's not treated as OIDC, but just pure OAuth2 request.
